hbonds_nonadj frac3plus=0.11,frac4plus=0.08
hbonds_adjacent frac3plus=0.4,frac4plus=0.36
hbonds_all frac3plus=0.22,frac4plus=0.19
polyala-gly menten
hbonds_nonadj frac3plus=0.04,frac4plus=0.04
hbonds_adjacent frac3plus=0.38,frac4plus=0.38
hbonds_all frac3plus=0.21,frac4plus=0.21
polyala_constrained menten
hbonds_nonadj frac3plus=0.04,frac4plus=0.04
hbonds_adjacent frac3plus=0.32,frac4plus=0.32
hbonds_all frac3plus=0.18,frac4plus=0.18
polyalanine_default menten
hbonds_nonadj frac3plus=0.06,frac4plus=0.04
hbonds_adjacent frac3plus=0.15,frac4plus=0.15
hbonds_all frac3plus=0.12,frac4plus=0.11
polyasparagine menten
hbonds_nonadj frac3plus=0.06,frac4plus=0.04
hbonds_adjacent frac3plus=0.5,frac4plus=0.3
hbonds_all frac3plus=0.17,frac4plus=0.11
polygly_constrained menten
hbonds_nonadj frac3plus=0.1,frac4plus=0.06
hbonds_adjacent frac3plus=0.48,frac4plus=0.43
hbonds_all frac3plus=0.19,frac4plus=0.15
polyglycine menten
hbonds_nonadj frac3plus=0,frac4plus=0
hbonds_adjacent frac3plus=0.17,frac4plus=0.13
hbonds_all frac3plus=0.17,frac4plus=0.13
polyisoleucine menten
hbonds_nonadj frac3plus=0.09,frac4plus=0.06
hbonds_adjacent frac3plus=0.23,frac4plus=0.19
hbonds_all frac3plus=0.16,frac4plus=0.13
polythreonine menten
hbonds_nonadj frac3plus=0,frac4plus=0
hbonds_adjacent frac3plus=0.22,frac4plus=0.18
hbonds_all frac3plus=0.22,frac4plus=0.18
polyvaline menten
hbonds_nonadj frac3plus=0,frac4plus=0
hbonds_adjacent frac3plus=0.14,frac4plus=0.14
hbonds_all frac3plus=0.14,frac4plus=0.14
polyisoleucine menten
hbonds_nonadj frac3plus=0,frac4plus=0
hbonds_adjacent frac3plus=0.14,frac4plus=0.1
hbonds_all frac3plus=0.14,frac4plus=0.1
polyisoleucine menten
hbonds_nonadj frac3plus=0,frac4plus=0
hbonds_adjacent frac3plus=0.24,frac4plus=0.16
hbonds_all frac3plus=0.24,frac4plus=0.16
polyisoleucine menten
hbonds_nonadj frac3plus=0.15,frac4plus=0.09
hbonds_adjacent frac3plus=0.47,frac4plus=0.43
hbonds_all frac3plus=0.29,frac4plus=0.24
polyala-gly tyroneP
hbonds_nonadj frac3plus=0,frac4plus=0
hbonds_adjacent frac3plus=0.44,frac4plus=0.44
hbonds_all frac3plus=0.24,frac4plus=0.24
polyala_constrained tyroneP
hbonds_nonadj frac3plus=0,frac4plus=0
hbonds_adjacent frac3plus=0.33,frac4plus=0.33
hbonds_all frac3plus=0.15,frac4plus=0.15
polyalanine_default tyroneP
hbonds_nonadj frac3plus=0.04,frac4plus=0.03
hbonds_adjacent frac3plus=0.17,frac4plus=0.12
hbonds_all frac3plus=0.14,frac4plus=0.11
polyasparagine tyroneP
hbonds_nonadj frac3plus=0.04,frac4plus=0.02
hbonds_adjacent frac3plus=0.42,frac4plus=0.42
hbonds_all frac3plus=0.13,frac4plus=0.12
polygly_constrained tyroneP
hbonds_nonadj frac3plus=0.06,frac4plus=0.04
hbonds_adjacent frac3plus=0.46,frac4plus=0.41
hbonds_all frac3plus=0.15,frac4plus=0.13
polyglycine tyroneP
hbonds_nonadj frac3plus=0,frac4plus=0
hbonds_adjacent frac3plus=0.19,frac4plus=0.19
hbonds_all frac3plus=0.19,frac4plus=0.19
polyisoleucine tyroneP
hbonds_nonadj frac3plus=0.09,frac4plus=0.09
hbonds_adjacent frac3plus=0.18,frac4plus=0.06
hbonds_all frac3plus=0.13,frac4plus=0.05
polythreonine tyroneP
hbonds_nonadj frac3plus=0,frac4plus=0
hbonds_adjacent frac3plus=0.1,frac4plus=0.08
hbonds_all frac3plus=0.1,frac4plus=0.08
polyvaline tyroneP
hbonds_nonadj frac3plus=0.04,frac4plus=0.02
hbonds_adjacent frac3plus=0.37,frac4plus=0.37
hbonds_all frac3plus=0.19,frac4plus=0.17
polyala-gly tyroneR
hbonds_nonadj frac3plus=0.04,frac4plus=0.04
hbonds_adjacent frac3plus=0.32,frac4plus=0.32
hbonds_all frac3plus=0.18,frac4plus=0.18
polyala_constrained tyroneR
hbonds_nonadj frac3plus=0,frac4plus=0
hbonds_adjacent frac3plus=0.43,frac4plus=0.43
hbonds_all frac3plus=0.22,frac4plus=0.22
polyalanine_default tyroneR
hbonds_nonadj frac3plus=0.07,frac4plus=0.03
hbonds_adjacent frac3plus=0.12,frac4plus=0.11
hbonds_all frac3plus=0.12,frac4plus=0.09
polyasparagine tyroneR
hbonds_nonadj frac3plus=0.04,frac4plus=0.02
hbonds_adjacent frac3plus=0.43,frac4plus=0.3
hbonds_all frac3plus=0.15,frac4plus=0.1
polygly_constrained tyroneR
hbonds_nonadj frac3plus=0.03,frac4plus=0.03
hbonds_adjacent frac3plus=0.37,frac4plus=0.3
hbonds_all frac3plus=0.13,frac4plus=0.11
polyglycine tyroneR
hbonds_nonadj frac3plus=0,frac4plus=0
hbonds_adjacent frac3plus=0.16,frac4plus=0.13
hbonds_all frac3plus=0.16,frac4plus=0.13
polyisoleucine tyroneR
hbonds_nonadj frac3plus=0.05,frac4plus=0.05
hbonds_adjacent frac3plus=0.14,frac4plus=0.13
hbonds_all frac3plus=0.14,frac4plus=0.13
polythreonine tyroneR
hbonds_nonadj frac3plus=0,frac4plus=0
hbonds_adjacent frac3plus=0.18,frac4plus=0.16
hbonds_all frac3plus=0.18,frac4plus=0.16
polyvaline tyroneR
